<?xml version="1.0" encoding="UTF-8"?>
<testng-results ignored="0" total="1" passed="1" failed="0" skipped="0">
  <reporter-output>
  </reporter-output>
  <suite started-at="2024-03-07T02:52:09 IST" name="Default suite" finished-at="2024-03-07T02:52:11 IST" duration-ms="2077">
    <groups>
    </groups>
    <test started-at="2024-03-07T02:52:09 IST" name="Default test" finished-at="2024-03-07T02:52:11 IST" duration-ms="2077">
      <class name="ssb.restAssuredRequests">
        <test-method signature="createResource()[pri:0, instance:ssb.restAssuredRequests@1d9b7cce]" started-at="2024-03-07T02:52:09 IST" name="createResource" finished-at="2024-03-07T02:52:11 IST" duration-ms="2038" status="PASS">
          <reporter-output>
          </reporter-output>
        </test-method> <!-- createResource -->
      </class> <!-- ssb.restAssuredRequests -->
    </test> <!-- Default test -->
  </suite> <!-- Default suite -->
</testng-results>
